<?xml version="1.0" encoding="UTF-8"?>
<!-- Generated by org.testng.reporters.JUnitXMLReporter -->
<testsuite ignored="0" hostname="DESKTOP-02L3KP1" failures="1" tests="4" name="Login Page T" time="26.829" errors="0" timestamp="2024-04-23T09:01:48 IST">
  <testcase classname="SeleniumTestNG_F_De.ErrorValidation2T" name="productErrorValidationM" time="6.812"/>
  <testcase classname="SeleniumTestNG_F_De.ErrorValidation2T" name="testNGTest" time="2.359">
    <skipped/>
  </testcase> <!-- testNGTest -->
  <testcase classname="SeleniumTestNG_F_De.ErrorValidation2T" name="testNGTest" time="1.146">
    <skipped/>
  </testcase> <!-- testNGTest -->
  <testcase classname="SeleniumTestNG_F_De.ErrorValidation2T" name="testNGTest" time="0.473">
    <failure type="java.lang.AssertionError" message="expected [Incorrect email or password.Err] but found [Incorrect email or password.]">
      <![CDATA[java.lang.AssertionError: expected [Incorrect email or password.Err] but found [Incorrect email or password.]
at SeleniumTestNG_F_De.ErrorValidation2T.testNGTest(ErrorValidation2T.java:36)
at java.base/java.util.ArrayList.forEach(ArrayList.java:1511)
at java.base/java.util.concurrent.FutureTask.run(FutureTask.java:264)
at java.base/java.util.concurrent.ThreadPoolExecutor.runWorker(ThreadPoolExecutor.java:1136)
at java.base/java.util.concurrent.ThreadPoolExecutor$Worker.run(ThreadPoolExecutor.java:635)
at java.base/java.lang.Thread.run(Thread.java:840)
... Removed 23 stack frames]]>
    </failure>
  </testcase> <!-- testNGTest -->
</testsuite> <!-- Login Page T -->
